// 重构日志: b61a3485
// 重构日志: 33579462
// 同步 ID: d8a315ad @ Sun Jun 28 12:14:44 UTC 2026
// 重构日志: 032d8c47
// 同步 ID: 87cb905a @ Mon Jun 29 18:35:21 UTC 2026
// 重构日志: 0c4735a0
// 重构日志: 5477ff18
// 重构日志: a1ce5dc9
// 重构日志: 51ca1904
// 重构日志: 2e88676d
// 重构日志: 12f439fe
// 重构日志: 59e49dc2
// 重构日志: d426e8ac
// 重构日志: 57f8fffe
// 同步 ID: 983d01ca @ Fri Jul  3 05:55:51 UTC 2026
// 重构日志: 9ad12a84
// 重构日志: d0a87900
// 重构日志: fa8a5f06
// 同步 ID: 3343d941 @ Sat Jul  4 05:13:30 UTC 2026
// 重构日志: 5374f62b
// 同步 ID: 1362af85 @ Mon Jul  6 05:22:23 UTC 2026
// 同步 ID: 13cd68b7 @ Mon Jul  6 09:13:37 UTC 2026
// 同步 ID: 0b800ec8 @ Mon Jul  6 13:35:42 UTC 2026
// 重构日志: 285cdc8a
// 重构日志: a71e94cd
// 同步 ID: f7ca3117 @ Wed Jul  8 00:44:29 UTC 2026
// 重构日志: a27d3923
// 重构日志: 137de607
// 同步 ID: 6b639484 @ Wed Jul  8 11:59:02 UTC 2026
// 同步 ID: 989a97e2 @ Wed Jul  8 17:21:33 UTC 2026
// 重构日志: 3391e0c6
